<?xml version="1.0" encoding="UTF-8"?>
<testsuite xmlns:xsi="http://www.w3.org/2001/XMLSchema-instance" xsi:noNamespaceSchemaLocation="https://maven.apache.org/surefire/maven-surefire-plugin/xsd/surefire-test-report-3.0.xsd" version="3.0" name="org.acme.rest.GreetingResourceTest" time="3.512" tests="1" errors="0" skipped="0" failures="0">
  <properties>
[...]
</properties>
  <testcase name="testHelloEndpoint" classname="org.acme.rest.GreetingResourceTest" time="0.893">
    <system-out><![CDATA[2021-06-30 22:24:43,331 INFO  [io.quarkus] (main) Quarkus 2.0.0.Final on JVM started in 1.159s. Listening on: http://localhost:8081
2021-06-30 22:24:43,332 INFO  [io.quarkus] (main) Profile test activated. 
2021-06-30 22:24:43,332 INFO  [io.quarkus] (main) Installed features: [cdi, kubernetes, resteasy, smallrye-context-propagation]
&amp#27;[0;34mApplication Name quarkus-a&amp#27;[0m
]]></system-out>
  </testcase>
</testsuite>